{
  "RSpec": {
    "coverage": {
      "/Users/takutobaba/projects/survey-company/spec/controllers/surveys_controller_spec.rb": [
        1,
        null,
        1,
        25,
        2,
        21,
        25,
        1,
        24,
        null,
        null,
        1,
        1,
        3,
        null,
        1,
        1,
        null,
        1,
        1,
        null,
        1,
        1,
        null,
        null,
        null,
        1,
        1,
        1,
        3,
        3,
        null,
        1,
        1,
        null,
        1,
        1,
        null,
        1,
        1,
        null,
        null,
        1,
        1,
        1,
        1,
        null,
        null,
        null,
        null,
        1,
        1,
        3,
        null,
        1,
        1,
        null,
        1,
        1,
        null,
        1,
        1,
        null,
        null,
        null,
        1,
        4,
        4,
        1,
        4,
        4,
        1,
        1,
        1,
        null,
        1,
        2,
        null,
        1,
        1,
        1,
        null,
        null,
        1,
        4,
        1,
        1,
        1,
        null,
        1,
        2,
        null,
        1,
        1,
        1,
        null,
        null,
        null,
        null,
        1,
        1,
        2,
        null,
        1,
        1,
        null,
        1,
        1,
        null,
        null,
        null,
        1,
        7,
        7,
        1,
        4,
        1,
        3,
        3,
        3,
        null,
        1,
        1,
        null,
        1,
        1,
        null,
        1,
        1,
        null,
        null,
        1,
        1,
        3,
        3,
        3,
        null,
        1,
        1,
        null,
        1,
        1,
        null,
        1,
        1,
        null,
        null,
        null,
        null
      ],
      "/Users/takutobaba/projects/survey-company/spec/rails_helper.rb": [
        1,
        1,
        null,
        null,
        1,
        1,
        1,
        null,
        1,
        1,
        null,
        null,
        null,
        null,
        null,
        null,
        null,
        null,
        null,
        null,
        null,
        null,
        null,
        null,
        null,
        null,
        null,
        null,
        null,
        1,
        null,
        1,
        1,
        1,
        1,
        null,
        1,
        null,
        null,
        null,
        null,
        1,
        null,
        null,
        null,
        null,
        null,
        null,
        null,
        null,
        null,
        null,
        null,
        null,
        null,
        null,
        1,
        null,
        null,
        1,
        null,
        null,
        null
      ],
      "/Users/takutobaba/projects/survey-company/spec/support/controller_macros.rb": [
        1,
        1,
        24,
        24,
        null,
        null
      ],
      "/Users/takutobaba/projects/survey-company/config/environment.rb": [
        null,
        1,
        null,
        null,
        1
      ],
      "/Users/takutobaba/projects/survey-company/config/application.rb": [
        1,
        null,
        1,
        null,
        null,
        null,
        1,
        null,
        1,
        1,
        null,
        1,
        1,
        1,
        null,
        1,
        1,
        1,
        1,
        null,
        null,
        null
      ],
      "/Users/takutobaba/projects/survey-company/config/boot.rb": [
        1,
        null,
        1
      ],
      "/Users/takutobaba/projects/survey-company/config/spring.rb": [
        null,
        null,
        null,
        null,
        null,
        5
      ],
      "/Users/takutobaba/projects/survey-company/config/environments/test.rb": [
        1,
        null,
        null,
        null,
        null,
        null,
        null,
        1,
        null,
        null,
        null,
        null,
        1,
        null,
        null,
        1,
        1,
        null,
        null,
        null,
        null,
        1,
        1,
        null,
        null,
        1,
        null,
        null,
        1,
        1,
        null,
        null,
        null,
        null,
        1,
        null,
        null,
        1,
        null,
        null,
        null,
        null
      ],
      "/Users/takutobaba/projects/survey-company/config/initializers/application_controller_renderer.rb": [
        null,
        null,
        null,
        null,
        null,
        null
      ],
      "/Users/takutobaba/projects/survey-company/config/initializers/assets.rb": [
        null,
        null,
        null,
        1,
        null,
        null,
        null,
        null,
        1,
        null,
        null,
        null,
        null,
        null
      ],
      "/Users/takutobaba/projects/survey-company/config/initializers/backtrace_silencers.rb": [
        null,
        null,
        null,
        null,
        null,
        null,
        null
      ],
      "/Users/takutobaba/projects/survey-company/config/initializers/cookies_serializer.rb": [
        null,
        null,
        null,
        null,
        1
      ],
      "/Users/takutobaba/projects/survey-company/config/initializers/devise.rb": [
        null,
        null,
        1,
        null,
        null,
        null,
        null,
        null,
        null,
        null,
        null,
        null,
        null,
        null,
        1,
        null,
        null,
        null,
        null,
        null,
        null,
        null,
        null,
        null,
        null,
        null,
        1,
        null,
        null,
        null,
        null,
        null,
        null,
        null,
        null,
        null,
        null,
        null,
        null,
        null,
        null,
        null,
        null,
        null,
        null,
        null,
        null,
        null,
        1,
        null,
        null,
        null,
        null,
        1,
        null,
        null,
        null,
        null,
        null,
        null,
        null,
        null,
        null,
        null,
        null,
        null,
        null,
        null,
        null,
        null,
        null,
        null,
        null,
        null,
        null,
        null,
        null,
        null,
        null,
        null,
        null,
        null,
        null,
        null,
        1,
        null,
        null,
        null,
        null,
        null,
        null,
        null,
        null,
        null,
        null,
        null,
        null,
        null,
        null,
        null,
        null,
        null,
        null,
        null,
        null,
        null,
        null,
        1,
        null,
        null,
        null,
        null,
        null,
        null,
        null,
        null,
        null,
        null,
        null,
        null,
        null,
        null,
        null,
        null,
        null,
        null,
        null,
        null,
        null,
        null,
        null,
        null,
        null,
        null,
        null,
        null,
        null,
        null,
        1,
        null,
        null,
        null,
        null,
        null,
        null,
        null,
        null,
        null,
        1,
        null,
        null,
        null,
        null,
        null,
        null,
        null,
        null,
        null,
        null,
        1,
        null,
        null,
        null,
        null,
        1,
        null,
        null,
        null,
        null,
        null,
        null,
        null,
        null,
        null,
        null,
        null,
        null,
        null,
        null,
        null,
        null,
        null,
        null,
        null,
        null,
        null,
        null,
        null,
        null,
        null,
        null,
        null,
        null,
        null,
        null,
        null,
        null,
        null,
        null,
        null,
        null,
        null,
        null,
        null,
        null,
        1,
        null,
        null,
        null,
        null,
        null,
        null,
        null,
        null,
        null,
        null,
        null,
        null,
        null,
        null,
        null,
        null,
        null,
        null,
        null,
        1,
        null,
        null,
        null,
        null,
        null,
        null,
        null,
        null,
        null,
        null,
        null,
        null,
        null,
        null,
        null,
        null,
        null,
        null,
        null,
        null,
        null,
        1,
        null,
        null,
        null,
        null,
        null,
        null,
        null,
        null,
        null,
        null,
        null,
        null,
        null,
        null,
        null,
        null,
        null,
        null,
        null,
        null,
        null,
        null,
        null,
        null,
        null,
        null,
        null,
        null,
        null
      ],
      "/Users/takutobaba/projects/survey-company/config/initializers/filter_parameter_logging.rb": [
        null,
        null,
        null,
        1
      ],
      "/Users/takutobaba/projects/survey-company/config/initializers/inflections.rb": [
        null,
        null,
        null,
        null,
        null,
        null,
        null,
        null,
        null,
        null,
        null,
        null,
        null,
        null,
        null,
        null
      ],
      "/Users/takutobaba/projects/survey-company/config/initializers/mime_types.rb": [
        null,
        null,
        null,
        null
      ],
      "/Users/takutobaba/projects/survey-company/config/initializers/new_framework_defaults.rb": [
        null,
        null,
        null,
        null,
        null,
        null,
        null,
        1,
        null,
        null,
        1,
        null,
        null,
        null,
        1,
        null,
        null,
        1,
        null,
        null,
        1,
        null,
        null,
        1
      ],
      "/Users/takutobaba/projects/survey-company/config/initializers/new_framework_defaults_5_1.rb": [
        null,
        null,
        null,
        null,
        null,
        null,
        null,
        null,
        null,
        1,
        null,
        null,
        null,
        null
      ],
      "/Users/takutobaba/projects/survey-company/config/initializers/session_store.rb": [
        null,
        null,
        1
      ],
      "/Users/takutobaba/projects/survey-company/config/initializers/wrap_parameters.rb": [
        null,
        null,
        null,
        null,
        null,
        null,
        1,
        2,
        null,
        null,
        null,
        null,
        null,
        null
      ],
      "/Users/takutobaba/projects/survey-company/spec/factories/answer_choices.rb": [
        1,
        1,
        null,
        null
      ],
      "/Users/takutobaba/projects/survey-company/spec/factories/companies.rb": [
        1,
        1,
        1,
        null,
        null
      ],
      "/Users/takutobaba/projects/survey-company/spec/factories/question_choices.rb": [
        1,
        1,
        1,
        null,
        null
      ],
      "/Users/takutobaba/projects/survey-company/spec/factories/questions.rb": [
        1,
        1,
        1,
        1,
        null,
        null
      ],
      "/Users/takutobaba/projects/survey-company/spec/factories/survey_progresses.rb": [
        1,
        1,
        1,
        null,
        null
      ],
      "/Users/takutobaba/projects/survey-company/spec/factories/surveys.rb": [
        1,
        1,
        1,
        null,
        null
      ],
      "/Users/takutobaba/projects/survey-company/spec/factories/users.rb": [
        1,
        1,
        1,
        1,
        1,
        1,
        1,
        null,
        null
      ],
      "/Users/takutobaba/projects/survey-company/config/routes.rb": [
        1,
        1,
        null,
        1,
        null,
        null,
        null,
        null,
        1,
        1,
        null,
        null,
        null,
        null,
        null,
        null,
        null,
        1,
        1,
        1,
        null,
        1,
        1,
        null,
        null,
        null,
        1,
        1,
        1,
        null,
        1,
        1,
        1,
        1,
        1,
        1,
        null,
        null,
        null,
        null
      ],
      "/Users/takutobaba/projects/survey-company/app/models/admin.rb": [
        1,
        null,
        null,
        1,
        null,
        null
      ],
      "/Users/takutobaba/projects/survey-company/app/models/application_record.rb": [
        1,
        1,
        null
      ],
      "/Users/takutobaba/projects/survey-company/app/models/user.rb": [
        1,
        null,
        null,
        1,
        null,
        1,
        1,
        1,
        1,
        1,
        1,
        1,
        null
      ],
      "/Users/takutobaba/projects/survey-company/app/uploaders/images_uploader.rb": [
        1,
        null,
        null,
        1,
        null,
        null,
        null,
        1,
        null,
        null,
        1,
        null,
        1,
        1,
        null,
        null,
        null,
        null,
        1,
        0,
        null,
        null,
        null,
        null,
        null,
        null,
        null,
        null,
        null,
        null,
        null,
        null,
        null,
        null,
        null,
        null,
        null,
        null,
        null,
        null,
        null,
        null,
        null,
        null,
        null,
        null,
        null,
        null,
        null,
        null,
        null,
        null,
        null,
        null,
        null
      ],
      "/Users/takutobaba/projects/survey-company/app/helpers/application_helper.rb": [
        1,
        null
      ],
      "/Users/takutobaba/projects/survey-company/app/helpers/messages_helper.rb": [
        1,
        1,
        0,
        null,
        null,
        1,
        0,
        null,
        null
      ],
      "/Users/takutobaba/projects/survey-company/app/helpers/surveys_helper.rb": [
        1,
        1,
        0,
        null,
        null,
        1,
        0,
        null,
        null,
        1,
        0,
        null,
        null,
        1,
        0,
        0,
        null,
        null
      ],
      "/Users/takutobaba/projects/survey-company/app/controllers/surveys_controller.rb": [
        1,
        1,
        null,
        null,
        1,
        3,
        3,
        null,
        null,
        1,
        3,
        3,
        3,
        null,
        null,
        1,
        3,
        3,
        3,
        null,
        null,
        1,
        6,
        6,
        null,
        6,
        null,
        3,
        null,
        3,
        3,
        3,
        3,
        3,
        null,
        null,
        1,
        2,
        2,
        2,
        null,
        null,
        1,
        6,
        6,
        null,
        3,
        null,
        3,
        null,
        3,
        3,
        3,
        3,
        3,
        null,
        null,
        1,
        null,
        1,
        6,
        null,
        null,
        1,
        52,
        null,
        null,
        1,
        14,
        null,
        null,
        1,
        6,
        6,
        6,
        null,
        null,
        1,
        12,
        0,
        null,
        null,
        null,
        1,
        12,
        12,
        12,
        9,
        6,
        null,
        0,
        null,
        null,
        6,
        6,
        6,
        null,
        null,
        null,
        null,
        9,
        null,
        null,
        1,
        6,
        null,
        null,
        1,
        9,
        0,
        9,
        6,
        null,
        3,
        null,
        null,
        null,
        1,
        0,
        0,
        0,
        null,
        0,
        null,
        null,
        null,
        1,
        0,
        null,
        null
      ],
      "/Users/takutobaba/projects/survey-company/app/controllers/application_controller.rb": [
        1,
        1,
        1,
        null,
        1,
        0,
        null,
        0,
        null,
        0,
        null,
        null,
        null,
        1,
        0,
        null,
        null,
        1,
        1,
        null,
        null,
        1,
        null,
        1,
        0,
        0,
        null,
        null,
        1,
        24,
        23,
        null,
        null,
        1,
        0,
        null,
        null,
        1,
        0,
        null,
        null
      ],
      "/Users/takutobaba/projects/survey-company/app/models/company.rb": [
        1,
        1,
        1,
        null,
        1,
        23,
        null,
        null,
        1,
        0,
        null,
        null,
        1,
        0,
        null,
        null,
        1,
        0,
        0,
        0,
        null,
        null,
        null,
        null,
        1,
        1,
        0,
        0,
        0,
        null,
        null,
        null,
        null,
        null
      ],
      "/Users/takutobaba/projects/survey-company/app/models/survey.rb": [
        1,
        1,
        1,
        null,
        1,
        3,
        3,
        3,
        3,
        null,
        null,
        null,
        1,
        null,
        1,
        0,
        0,
        null,
        null,
        null,
        null,
        1,
        0,
        0,
        0,
        null,
        null,
        null,
        1,
        3,
        3,
        null,
        3,
        null,
        null,
        null,
        null,
        1,
        3,
        3,
        3,
        null,
        null,
        1,
        1,
        0,
        0,
        0,
        0,
        null,
        null,
        null,
        null,
        null,
        1,
        6,
        6,
        6,
        null,
        null,
        null,
        1,
        null,
        1,
        0,
        0,
        null,
        null,
        null,
        null,
        1,
        3,
        3,
        3,
        null,
        null,
        null,
        null,
        null
      ],
      "/Users/takutobaba/projects/survey-company/app/models/survey_progress.rb": [
        1,
        1,
        1,
        1,
        null
      ],
      "/Users/takutobaba/projects/survey-company/app/models/question.rb": [
        1,
        1,
        1,
        1,
        1,
        null,
        1,
        1,
        0,
        0,
        0,
        0,
        0,
        null,
        null,
        null,
        null,
        null,
        null
      ],
      "/Users/takutobaba/projects/survey-company/app/models/answer_choice.rb": [
        1,
        1,
        1,
        1,
        null
      ],
      "/Users/takutobaba/projects/survey-company/app/models/answer_text.rb": [
        1,
        1,
        1,
        null
      ],
      "/Users/takutobaba/projects/survey-company/app/models/question_choice.rb": [
        1,
        1,
        1,
        null
      ]
    },
    "timestamp": 1503551275
  }
}
